[debug] [2022-03-14T17:35:36.552Z] ----------------------------------------------------------------------
[debug] [2022-03-14T17:35:36.554Z] Command:       C:\Program Files\nodejs\node.exe C:\Users\Shihab\AppData\Roaming\npm\node_modules\firebase-tools\lib\bin\firebase.js emulators:start
[debug] [2022-03-14T17:35:36.555Z] CLI Version:   10.2.2
[debug] [2022-03-14T17:35:36.555Z] Platform:      win32
[debug] [2022-03-14T17:35:36.555Z] Node Version:  v14.17.0
[debug] [2022-03-14T17:35:36.556Z] Time:          Mon Mar 14 2022 12:35:36 GMT-0500 (Central Daylight Time)
[debug] [2022-03-14T17:35:36.556Z] ----------------------------------------------------------------------
[debug] 
[debug] [2022-03-14T17:35:36.633Z] > command requires scopes: ["email","openid","https://www.googleapis.com/auth/cloudplatformprojects.readonly","https://www.googleapis.com/auth/firebase","https://www.googleapis.com/auth/cloud-platform"]
[debug] [2022-03-14T17:35:36.633Z] > authorizing via signed-in user (t.hobbit7676@gmail.com)
[info] i  emulators: Starting emulators: functions, hosting {"metadata":{"emulator":{"name":"hub"},"message":"Starting emulators: functions, hosting"}}
[debug] [2022-03-14T17:35:36.675Z] [hub] writing locator at C:\Users\Shihab\AppData\Local\Temp\hub-clone-d2b78.json
[warn] !  functions: The following emulators are not running, calls to these services from the Functions emulator will affect production: auth, firestore, database, pubsub, storage {"metadata":{"emulator":{"name":"functions"},"message":"The following emulators are not running, calls to these services from the Functions emulator will affect production: \u001b[1mauth, firestore, database, pubsub, storage\u001b[22m"}}
[warn] !  Your requested "node" version "16" doesn't match your global version "14". Using node@14 from host. {"metadata":{"emulator":{"name":"functions"},"message":"Your requested \"node\" version \"16\" doesn't match your global version \"14\". Using node@14 from host."}}
[debug] [2022-03-14T17:35:36.962Z] defaultcredentials: writing to file C:\Users\Shihab\AppData\Roaming\firebase\t_hobbit7676_gmail.com_application_default_credentials.json
[debug] [2022-03-14T17:35:36.963Z] Setting GAC to C:\Users\Shihab\AppData\Roaming\firebase\t_hobbit7676_gmail.com_application_default_credentials.json {"metadata":{"emulator":{"name":"functions"},"message":"Setting GAC to C:\\Users\\Shihab\\AppData\\Roaming\\firebase\\t_hobbit7676_gmail.com_application_default_credentials.json"}}
[debug] [2022-03-14T17:35:36.966Z] >>> [apiv2][query] GET https://firebase.googleapis.com/v1beta1/projects/clone-d2b78/adminSdkConfig [none]
[debug] [2022-03-14T17:35:37.227Z] <<< [apiv2][status] GET https://firebase.googleapis.com/v1beta1/projects/clone-d2b78/adminSdkConfig 200
[debug] [2022-03-14T17:35:37.228Z] <<< [apiv2][body] GET https://firebase.googleapis.com/v1beta1/projects/clone-d2b78/adminSdkConfig {"projectId":"clone-d2b78","storageBucket":"clone-d2b78.appspot.com","locationId":"us-central"}
[debug] [2022-03-14T17:35:37.248Z] >>> [apiv2][query] GET https://firebasehosting.googleapis.com/v1beta1/projects/clone-d2b78/sites 
[debug] [2022-03-14T17:35:37.527Z] <<< [apiv2][status] GET https://firebasehosting.googleapis.com/v1beta1/projects/clone-d2b78/sites 200
[debug] [2022-03-14T17:35:37.528Z] <<< [apiv2][body] GET https://firebasehosting.googleapis.com/v1beta1/projects/clone-d2b78/sites {"sites":[{"name":"projects/406646981994/sites/clone-d2b78","defaultUrl":"https://clone-d2b78.web.app","appId":"1:406646981994:web:b079a864ddfbaa9d159113","type":"DEFAULT_SITE"}]}
[debug] [2022-03-14T17:35:37.528Z] >>> [apiv2][query] GET https://firebase.googleapis.com/v1beta1/projects/clone-d2b78/webApps/1:406646981994:web:b079a864ddfbaa9d159113/config [none]
[debug] [2022-03-14T17:35:37.865Z] <<< [apiv2][status] GET https://firebase.googleapis.com/v1beta1/projects/clone-d2b78/webApps/1:406646981994:web:b079a864ddfbaa9d159113/config 200
[debug] [2022-03-14T17:35:37.865Z] <<< [apiv2][body] GET https://firebase.googleapis.com/v1beta1/projects/clone-d2b78/webApps/1:406646981994:web:b079a864ddfbaa9d159113/config {"projectId":"clone-d2b78","appId":"1:406646981994:web:b079a864ddfbaa9d159113","storageBucket":"clone-d2b78.appspot.com","locationId":"us-central","apiKey":"AIzaSyADcDtOsczrjRTFzeFvvpR3T9Kahu74VoE","authDomain":"clone-d2b78.firebaseapp.com","messagingSenderId":"406646981994","measurementId":"G-3BX1952H4C"}
[info] i  hosting: Serving hosting files from: build {"metadata":{"emulator":{"name":"hosting"},"message":"Serving hosting files from: \u001b[1mbuild\u001b[22m"}}
[info] +  hosting: Local server: http://localhost:5000 {"metadata":{"emulator":{"name":"hosting"},"message":"Local server: \u001b[4m\u001b[1mhttp://localhost:5000\u001b[22m\u001b[24m"}}
[debug] [2022-03-14T17:35:37.895Z] Ignoring unsupported arg: auto_download {"metadata":{"emulator":{"name":"ui"},"message":"Ignoring unsupported arg: auto_download"}}
[debug] [2022-03-14T17:35:37.896Z] Ignoring unsupported arg: port {"metadata":{"emulator":{"name":"ui"},"message":"Ignoring unsupported arg: port"}}
[debug] [2022-03-14T17:35:37.896Z] Starting Emulator UI with command {"binary":"node","args":["C:\\Users\\Shihab\\.cache\\firebase\\emulators\\ui-v1.6.5\\server.bundle.js"],"optionalArgs":[],"joinArgs":false} {"metadata":{"emulator":{"name":"ui"},"message":"Starting Emulator UI with command {\"binary\":\"node\",\"args\":[\"C:\\\\Users\\\\Shihab\\\\.cache\\\\firebase\\\\emulators\\\\ui-v1.6.5\\\\server.bundle.js\"],\"optionalArgs\":[],\"joinArgs\":false}"}}
[info] i  ui: Emulator UI logging to ui-debug.log {"metadata":{"emulator":{"name":"ui"},"message":"Emulator UI logging to \u001b[1mui-debug.log\u001b[22m"}}
[debug] [2022-03-14T17:35:38.045Z] Web / API server started at localhost:4000
 {"metadata":{"emulator":{"name":"ui"},"message":"Web / API server started at localhost:4000\n"}}
[info] i  functions: Watching "C:\Users\Shihab\Desktop\AmazonClone\amazon-clone\functions" for Cloud Functions... {"metadata":{"emulator":{"name":"functions"},"message":"Watching \"C:\\Users\\Shihab\\Desktop\\AmazonClone\\amazon-clone\\functions\" for Cloud Functions..."}}
[debug] [2022-03-14T17:35:38.175Z] Validating nodejs source
[debug] [2022-03-14T17:35:41.296Z] > [functions] package.json contents: {
  "name": "functions",
  "description": "Cloud Functions for Firebase",
  "scripts": {
    "lint": "eslint",
    "serve": "firebase emulators:start --only functions",
    "shell": "firebase functions:shell",
    "start": "npm run shell",
    "deploy": "firebase deploy --only functions",
    "logs": "firebase functions:log"
  },
  "engines": {
    "node": "16"
  },
  "main": "index.js",
  "dependencies": {
    "cors": "^2.8.5",
    "express": "^4.17.3",
    "firebase-admin": "^10.0.2",
    "firebase-functions": "^3.18.0",
    "stripe": "^8.209.0"
  },
  "devDependencies": {
    "eslint": "^8.9.0",
    "eslint-config-google": "^0.14.0",
    "firebase-functions-test": "^0.2.0"
  },
  "private": true
}
[debug] [2022-03-14T17:35:41.296Z] Building nodejs source
[debug] [2022-03-14T17:35:41.296Z] Analyzing nodejs backend spec
[info] +  functions[us-central1-api]: http function initialized (http://localhost:5001/clone-d2b78/us-central1/api). {"metadata":{"emulator":{"name":"functions"},"message":"\u001b[1mhttp\u001b[22m function initialized (http://localhost:5001/clone-d2b78/us-central1/api)."}}
[info] 
┌─────────────────────────────────────────────────────────────┐
│ ✔  All emulators ready! It is now safe to connect your app. │
│ i  View Emulator UI at http://localhost:4000                │
└─────────────────────────────────────────────────────────────┘

┌───────────┬────────────────┬─────────────────────────────────┐
│ Emulator  │ Host:Port      │ View in Emulator UI             │
├───────────┼────────────────┼─────────────────────────────────┤
│ Functions │ localhost:5001 │ http://localhost:4000/functions │
├───────────┼────────────────┼─────────────────────────────────┤
│ Hosting   │ localhost:5000 │ n/a                             │
└───────────┴────────────────┴─────────────────────────────────┘
  Emulator Hub running at localhost:4400
  Other reserved ports: 4500

Issues? Report them at https://github.com/firebase/firebase-tools/issues and attach the *-debug.log files.
 
[debug] [2022-03-14T17:37:01.122Z] Received signal SIGHUP 1
